2021-12-12 00:21:40,249 build-de8c02c3-fbd6-4d34-8799-4a23fea7e9f2 INFO     CONTAINER_REQUEST_COUNT: 0
2021-12-12 00:21:40,249 build-de8c02c3-fbd6-4d34-8799-4a23fea7e9f2 INFO     Fetching me assessment
2021-12-12 00:21:40,249 build-de8c02c3-fbd6-4d34-8799-4a23fea7e9f2 INFO     ME Assessment fetched - {'meId': 'ME_FE2_ES6_PRACTICE', 'stages': [<BuildStageType.BUILD_STAGE_TYPE_SETUP: 'setup'>, <BuildStageType.BUILD_STAGE_TYPE_UNIT_TESTING: 'unitTesting'>], 'assessmentEndpoint': 'https://me-fe2-es6-practice-prod-nnjjst7g5q-uc.a.run.app/', 'fargateTaskDefinition': None, 'meFolder': 'me_es6'}
2021-12-12 00:21:40,249 build-de8c02c3-fbd6-4d34-8799-4a23fea7e9f2 INFO     Starting assessment
2021-12-12 00:21:40,782 build-de8c02c3-fbd6-4d34-8799-4a23fea7e9f2 INFO     Running assessment stage setup
2021-12-12 00:21:40,783 build-de8c02c3-fbd6-4d34-8799-4a23fea7e9f2 INFO     {'buildId': 'de8c02c3-fbd6-4d34-8799-4a23fea7e9f2', 'userId': 'denverdionne', 'cohortId': 'COHORT_ME_FE2_ES6_PRACTICE_ENROLL_LATEST', 'meId': 'ME_FE2_ES6_PRACTICE', 'moduleId': 'ME_FE2_ES6_PRACTICE_MODULE_OBJECTES6', 'buildType': 'BUILD_TYPE_SUBMIT', 'assessmentType': 'ASSESSMENT_TYPE_UNTIMED', 'questionId': 'QUESTION_ObjectES6', 'psDsContext': {'codeId': 9418216, 'inputs': [], 'codeData': {'code': '\nfunction personDetail(a, b) {\n\nlet name = {firstName:a, lastName:b, fullName: a +" "+ b};\n// console.log(name);\nreturn name;\n}\n// personDetail("John", "Smith")\nmodule.exports = personDetail;\n/* \nCrio Methodology\n\nMilestone 1: Understand the problem clearly\n1. Ask questions & clarify the problem statement clearly.\n2. Take an example or two to confirm your understanding of the input/output & extend it to test cases\nMilestone 2: Finalize approach & execution plan\n1. Understand what type of problem you are solving.\n     a. Obvious logic, tests ability to convert logic to code\n     b. Figuring out logic\n     c. Knowledge of specific domain or concepts\n     d. Knowledge of specific algorithm\n     e. Mapping real world into abstract concepts/data structures\n2. Brainstorm multiple ways to solve the problem and pick one\n3. Get to a point where you can explain your approach to a 10 year old\n4. Take a stab at the high-level logic & write it down.\n5. Try to offload processing to functions & keeping your main code small.\nMilestone 3: Code by expanding your pseudocode\n1. Make sure you name the variables, functions clearly.\n2. Avoid constants in your code unless necessary; go for generic functions, you can use examples for your thinking though.\n3. Use libraries as much as possible\nMilestone 4: Prove to the interviewer that your code works with unit tests\n1. Make sure you check boundary conditions\n2. Time & storage complexity\n3. Suggest optimizations if applicable\n*/', 'languageType': 'LANGUAGE_TYPE_JAVASCRIPT'}}, 'timestampInMs': 1639268500061, 'meAssessment': {'meId': 'ME_FE2_ES6_PRACTICE', 'stages': [<BuildStageType.BUILD_STAGE_TYPE_SETUP: 'setup'>, <BuildStageType.BUILD_STAGE_TYPE_UNIT_TESTING: 'unitTesting'>], 'assessmentEndpoint': 'https://me-fe2-es6-practice-prod-nnjjst7g5q-uc.a.run.app/', 'fargateTaskDefinition': None, 'meFolder': 'me_es6'}, 'workingDir': '//denverdionne-ME_FE2_ES6_PRACTICE-de8c02c3-fbd6-4d34-8799-4a23fea7e9f2'}
2021-12-12 00:21:40,783 build-de8c02c3-fbd6-4d34-8799-4a23fea7e9f2 INFO     Getting user data...
2021-12-12 00:21:40,783 build-de8c02c3-fbd6-4d34-8799-4a23fea7e9f2 INFO     
Received user data in 2.6226043701171875e-05 seconds

2021-12-12 00:21:40,783 build-de8c02c3-fbd6-4d34-8799-4a23fea7e9f2 INFO     Getting crio data...
2021-12-12 00:21:40,785 build-de8c02c3-fbd6-4d34-8799-4a23fea7e9f2 INFO     
Received and unzipped crio data in 0.0017194747924804688 seconds

2021-12-12 00:21:40,786 build-de8c02c3-fbd6-4d34-8799-4a23fea7e9f2 INFO     
Time taken for setup stage: 0.0032639503479003906s
2021-12-12 00:21:40,786 build-de8c02c3-fbd6-4d34-8799-4a23fea7e9f2 INFO     BuildStageType.BUILD_STAGE_TYPE_SETUP stage complete. Report: {'userDir': '//denverdionne-ME_FE2_ES6_PRACTICE-de8c02c3-fbd6-4d34-8799-4a23fea7e9f2/solution'}
2021-12-12 00:21:41,279 build-de8c02c3-fbd6-4d34-8799-4a23fea7e9f2 INFO     Running assessment stage unitTesting
2021-12-12 00:21:41,280 build-de8c02c3-fbd6-4d34-8799-4a23fea7e9f2 INFO     Validating syntax...
2021-12-12 00:21:41,385 build-de8c02c3-fbd6-4d34-8799-4a23fea7e9f2 INFO     Running the tests...
2021-12-12 00:21:44,299 build-de8c02c3-fbd6-4d34-8799-4a23fea7e9f2 INFO     Test logs : 
> object@1.0.0 test /denverdionne-ME_FE2_ES6_PRACTICE-de8c02c3-fbd6-4d34-8799-4a23fea7e9f2/solution
> jest "--reporters=jest-junit" "--reporters=default" "--verbose" "--forceExit"

PASS __tests__/solution.test.js
  Test personDetail function
    ✓ for a = John, b = Smith (3 ms)
    ✓ for a = Mike, b = Ross
    ✓ for a = Archit, b = Gupta
    ✓ for a = Puneet, b = Rai (1 ms)

Test Suites: 1 passed, 1 total
Tests:       4 passed, 4 total
Snapshots:   0 total
Time:        0.79 s
Ran all test suites.
Force exiting Jest: Have you considered using `--detectOpenHandles` to detect async operations that kept running after all tests finished?

2021-12-12 00:21:44,300 build-de8c02c3-fbd6-4d34-8799-4a23fea7e9f2 INFO     Time taken to test code 2.912630081176758
2021-12-12 00:21:44,301 build-de8c02c3-fbd6-4d34-8799-4a23fea7e9f2 INFO     
Time taken for unit_testing stage: 3.020996332168579s
2021-12-12 00:21:44,301 build-de8c02c3-fbd6-4d34-8799-4a23fea7e9f2 INFO     BuildStageType.BUILD_STAGE_TYPE_UNIT_TESTING stage complete. Report: {'Test personDetail function for a = Archit, b = Gupta': 'TEST_STATUS_SUCCESS', 'Test personDetail function for a = John, b = Smith': 'TEST_STATUS_SUCCESS', 'Test personDetail function for a = Mike, b = Ross': 'TEST_STATUS_SUCCESS', 'Test personDetail function for a = Puneet, b = Rai': 'TEST_STATUS_SUCCESS'}
2021-12-12 00:21:44,332 build-de8c02c3-fbd6-4d34-8799-4a23fea7e9f2 INFO     Found bucket assessment-build-logs-prod
2021-12-12 00:21:44,468 build-de8c02c3-fbd6-4d34-8799-4a23fea7e9f2 INFO     
Files from stages uploaded in 0.13643193244934082 seconds

2021-12-12 00:21:44,469 build-de8c02c3-fbd6-4d34-8799-4a23fea7e9f2 INFO     Build Report formed:
2021-12-12 00:21:44,469 build-de8c02c3-fbd6-4d34-8799-4a23fea7e9f2 INFO     {
    "buildId": "de8c02c3-fbd6-4d34-8799-4a23fea7e9f2",
    "userId": "denverdionne",
    "meId": "ME_FE2_ES6_PRACTICE",
    "cohortId": "COHORT_ME_FE2_ES6_PRACTICE_ENROLL_LATEST",
    "buildType": "BUILD_TYPE_SUBMIT",
    "questionId": "QUESTION_ObjectES6",
    "stages": [
        {
            "type": "BUILD_STAGE_TYPE_SETUP",
            "status": "BUILD_STAGE_STATUS_SUCCESS",
            "feedback": null,
            "report": {
                "userDir": "//denverdionne-ME_FE2_ES6_PRACTICE-de8c02c3-fbd6-4d34-8799-4a23fea7e9f2/solution"
            },
            "logPath": "https://storage.googleapis.com/assessment-build-logs-prod/denverdionne-ME_FE2_ES6_PRACTICE/build-de8c02c3-fbd6-4d34-8799-4a23fea7e9f2/setup.log?Expires=1670804504&GoogleAccessId=storage-service%40crio-prod.iam.gserviceaccount.com&Signature=tt9XbfkDv8f9SAp1PbQSVaVzb9CbSEp2unev8ajnl2eYI7uDmzuI2W7o2ChLGGph2F1ME2Nmc8w0Y6H8bFuAhOBu1oDom3ryw7Ob24uWEtDcNikMLigq8xlcPzr8P0JxBYG5sekSw7dV9jK7uG%2BYwAYHO%2Fln4VQv%2FzoEuG2dmv7BfJ4S20GbGXHsyhCffZYaTcL%2FvEVBgTH2E9e9i%2FH4DHzP1a7yFD0E8DMm6VZfUGh4f%2BKAj5a6mrtHK%2F6tEKuiwvHybDZagpOgH9u8Ciun4ulglPH3pqxyGahqHfMFWJforu%2BQ7C%2F5TZHZ4Vo8iLfORDcRRQmu%2BP3y0K%2F4HNkdKA%3D%3D"
        },
        {
            "type": "BUILD_STAGE_TYPE_UNIT_TESTING",
            "status": "BUILD_STAGE_STATUS_SUCCESS",
            "feedback": null,
            "report": {
                "Test personDetail function for a = Archit, b = Gupta": "TEST_STATUS_SUCCESS",
                "Test personDetail function for a = John, b = Smith": "TEST_STATUS_SUCCESS",
                "Test personDetail function for a = Mike, b = Ross": "TEST_STATUS_SUCCESS",
                "Test personDetail function for a = Puneet, b = Rai": "TEST_STATUS_SUCCESS"
            },
            "logPath": "https://storage.googleapis.com/assessment-build-logs-prod/denverdionne-ME_FE2_ES6_PRACTICE/build-de8c02c3-fbd6-4d34-8799-4a23fea7e9f2/unitTesting.log?Expires=1670804504&GoogleAccessId=storage-service%40crio-prod.iam.gserviceaccount.com&Signature=GYnpfXCWN7eE%2FD6zZCN5vR9XGPxENM6qht9y0bKKZkT7BqJgJbeqLWZGLEmqBJDubKJI9AVJFNAMQxwPgsXVRsPiASNfmhkhtFUUnZdi1szXcKfSHSv0ksYXmkgSuiMNdd91UKRdZzwERKG3C2YuiWnTqYSnNVYoOS7HnbZcxHjIE%2BXXf1smjDhkTievE1tvnTdO30mVtytWOwjYLTS5wyvHwJ%2B8Mqns5fkhQuOPwzhHScrbA7CZeyPXxWshDkxa2D8NLigb3Ov1Mz%2FEjzVwoVHlbbDyzEqW%2FNTnDrrv2812ECvBvLuj2FWe0eBkqV9ti%2BhwNyUATdm06nMqyDAGUA%3D%3D"
        }
    ],
    "codeId": 9418216,
    "buildStatus": "BUILD_STATUS_SUCCESS",
    "moduleId": "ME_FE2_ES6_PRACTICE_MODULE_OBJECTES6",
    "buildDurationInMs": 4219,
    "timestampInMs": 1639268504469
}
